# JRE version: Java(TM) SE Runtime Environment (8.0_25-b18) (build 1.8.0_25-b18)
# Java VM: Java HotSpot(TM) 64-Bit Server VM (25.25-b02 mixed mode windows-amd64 compressed oops)
Heap:
 PSYoungGen      total 41472K, used 13309K [0x00000000d5580000, 0x00000000d8800000, 0x0000000100000000)
  eden space 31232K, 10% used [0x00000000d5580000,0x00000000d58c3078,0x00000000d7400000)
  from space 10240K, 97% used [0x00000000d7400000,0x00000000d7dbc648,0x00000000d7e00000)
  to   space 9728K, 0% used [0x00000000d7e80000,0x00000000d7e80000,0x00000000d8800000)
 ParOldGen       total 61952K, used 22020K [0x0000000080000000, 0x0000000083c80000, 0x00000000d5580000)
  object space 61952K, 35% used [0x0000000080000000,0x0000000081581360,0x0000000083c80000)
 Metaspace       used 27229K, capacity 27470K, committed 27904K, reserved 1073152K
  class space    used 3491K, capacity 3541K, committed 3584K, reserved 1048576K
GC Heap History (10 events):
Event: 11.472 GC heap before
{Heap before GC invocations=6 (full 0):
 PSYoungGen      total 37888K, used 8825K [0x00000000d5580000, 0x00000000d8880000, 0x0000000100000000)
  eden space 32768K, 11% used [0x00000000d5580000,0x00000000d59259e8,0x00000000d7580000)
  from space 5120K, 99% used [0x00000000d7600000,0x00000000d7af8d68,0x00000000d7b00000)
  to   space 9728K, 0% used [0x00000000d7f00000,0x00000000d7f00000,0x00000000d8880000)
 ParOldGen       total 87552K, used 7105K [0x0000000080000000, 0x0000000085580000, 0x00000000d5580000)
  object space 87552K, 8% used [0x0000000080000000,0x00000000806f0548,0x0000000085580000)
 Metaspace       used 20856K, capacity 21024K, committed 21248K, reserved 1067008K
  class space    used 2710K, capacity 2765K, committed 2816K, reserved 1048576K
Event: 11.478 GC heap after
Heap after GC invocations=6 (full 0):
 PSYoungGen      total 41472K, used 5546K [0x00000000d5580000, 0x00000000d8800000, 0x0000000100000000)
  eden space 32256K, 0% used [0x00000000d5580000,0x00000000d5580000,0x00000000d7500000)
  from space 9216K, 60% used [0x00000000d7f00000,0x00000000d846aba0,0x00000000d8800000)
  to   space 9728K, 0% used [0x00000000d7500000,0x00000000d7500000,0x00000000d7e80000)
 ParOldGen       total 87552K, used 7113K [0x0000000080000000, 0x0000000085580000, 0x00000000d5580000)
  object space 87552K, 8% used [0x0000000080000000,0x00000000806f2548,0x0000000085580000)
 Metaspace       used 20856K, capacity 21024K, committed 21248K, reserved 1067008K
  class space    used 2710K, capacity 2765K, committed 2816K, reserved 1048576K
}
Event: 11.478 GC heap before
{Heap before GC invocations=7 (full 1):
 PSYoungGen      total 41472K, used 5546K [0x00000000d5580000, 0x00000000d8800000, 0x0000000100000000)
  eden space 32256K, 0% used [0x00000000d5580000,0x00000000d5580000,0x00000000d7500000)
  from space 9216K, 60% used [0x00000000d7f00000,0x00000000d846aba0,0x00000000d8800000)
  to   space 9728K, 0% used [0x00000000d7500000,0x00000000d7500000,0x00000000d7e80000)
 ParOldGen       total 87552K, used 7113K [0x0000000080000000, 0x0000000085580000, 0x00000000d5580000)
  object space 87552K, 8% used [0x0000000080000000,0x00000000806f2548,0x0000000085580000)
 Metaspace       used 20856K, capacity 21024K, committed 21248K, reserved 1067008K
  class space    used 2710K, capacity 2765K, committed 2816K, reserved 1048576K
Event: 11.539 GC heap after
Heap after GC invocations=7 (full 1):
 PSYoungGen      total 41472K, used 0K [0x00000000d5580000, 0x00000000d8800000, 0x0000000100000000)
  eden space 32256K, 0% used [0x00000000d5580000,0x00000000d5580000,0x00000000d7500000)
  from space 9216K, 0% used [0x00000000d7f00000,0x00000000d7f00000,0x00000000d8800000)
  to   space 9728K, 0% used [0x00000000d7500000,0x00000000d7500000,0x00000000d7e80000)
 ParOldGen       total 61952K, used 8121K [0x0000000080000000, 0x0000000083c80000, 0x00000000d5580000)
  object space 61952K, 13% used [0x0000000080000000,0x00000000807ee740,0x0000000083c80000)
 Metaspace       used 20856K, capacity 21024K, committed 21248K, reserved 1067008K
  class space    used 2710K, capacity 2765K, committed 2816K, reserved 1048576K
}
Event: 25.656 GC heap before
{Heap before GC invocations=8 (full 1):
 PSYoungGen      total 41472K, used 32256K [0x00000000d5580000, 0x00000000d8800000, 0x0000000100000000)
  eden space 32256K, 100% used [0x00000000d5580000,0x00000000d7500000,0x00000000d7500000)
  from space 9216K, 0% used [0x00000000d7f00000,0x00000000d7f00000,0x00000000d8800000)
  to   space 9728K, 0% used [0x00000000d7500000,0x00000000d7500000,0x00000000d7e80000)
 ParOldGen       total 61952K, used 8121K [0x0000000080000000, 0x0000000083c80000, 0x00000000d5580000)
  object space 61952K, 13% used [0x0000000080000000,0x00000000807ee740,0x0000000083c80000)
 Metaspace       used 23323K, capacity 23488K, committed 23936K, reserved 1071104K
  class space    used 3052K, capacity 3117K, committed 3200K, reserved 1048576K
Event: 25.661 GC heap after
Heap after GC invocations=8 (full 1):
 PSYoungGen      total 41472K, used 2087K [0x00000000d5580000, 0x00000000d8880000, 0x0000000100000000)
  eden space 31744K, 0% used [0x00000000d5580000,0x00000000d5580000,0x00000000d7480000)
  from space 9728K, 21% used [0x00000000d7500000,0x00000000d7709ee8,0x00000000d7e80000)
  to   space 10240K, 0% used [0x00000000d7e80000,0x00000000d7e80000,0x00000000d8880000)
 ParOldGen       total 61952K, used 8129K [0x0000000080000000, 0x0000000083c80000, 0x00000000d5580000)
  object space 61952K, 13% used [0x0000000080000000,0x00000000807f0740,0x0000000083c80000)
 Metaspace       used 23323K, capacity 23488K, committed 23936K, reserved 1071104K
  class space    used 3052K, capacity 3117K, committed 3200K, reserved 1048576K
}
Event: 35.708 GC heap before
{Heap before GC invocations=9 (full 1):
 PSYoungGen      total 41472K, used 28369K [0x00000000d5580000, 0x00000000d8880000, 0x0000000100000000)
  eden space 31744K, 82% used [0x00000000d5580000,0x00000000d6f2a5e8,0x00000000d7480000)
  from space 9728K, 21% used [0x00000000d7500000,0x00000000d7709ee8,0x00000000d7e80000)
  to   space 10240K, 0% used [0x00000000d7e80000,0x00000000d7e80000,0x00000000d8880000)
 ParOldGen       total 61952K, used 8129K [0x0000000080000000, 0x0000000083c80000, 0x00000000d5580000)
  object space 61952K, 13% used [0x0000000080000000,0x00000000807f0740,0x0000000083c80000)
 Metaspace       used 25957K, capacity 26190K, committed 26496K, reserved 1073152K
  class space    used 3362K, capacity 3413K, committed 3456K, reserved 1048576K
Event: 35.712 GC heap after
Heap after GC invocations=9 (full 1):
 PSYoungGen      total 40960K, used 1925K [0x00000000d5580000, 0x00000000d8800000, 0x0000000100000000)
  eden space 31232K, 0% used [0x00000000d5580000,0x00000000d5580000,0x00000000d7400000)
  from space 9728K, 19% used [0x00000000d7e80000,0x00000000d8061660,0x00000000d8800000)
  to   space 10240K, 0% used [0x00000000d7400000,0x00000000d7400000,0x00000000d7e00000)
 ParOldGen       total 61952K, used 8137K [0x0000000080000000, 0x0000000083c80000, 0x00000000d5580000)
  object space 61952K, 13% used [0x0000000080000000,0x00000000807f2740,0x0000000083c80000)
 Metaspace       used 25957K, capacity 26190K, committed 26496K, reserved 1073152K
  class space    used 3362K, capacity 3413K, committed 3456K, reserved 1048576K
}
Event: 36.124 GC heap before
{Heap before GC invocations=10 (full 1):
 PSYoungGen      total 40960K, used 33157K [0x00000000d5580000, 0x00000000d8800000, 0x0000000100000000)
  eden space 31232K, 100% used [0x00000000d5580000,0x00000000d7400000,0x00000000d7400000)
  from space 9728K, 19% used [0x00000000d7e80000,0x00000000d8061660,0x00000000d8800000)
  to   space 10240K, 0% used [0x00000000d7400000,0x00000000d7400000,0x00000000d7e00000)
 ParOldGen       total 61952K, used 8137K [0x0000000080000000, 0x0000000083c80000, 0x00000000d5580000)
  object space 61952K, 13% used [0x0000000080000000,0x00000000807f2740,0x0000000083c80000)
 Metaspace       used 27164K, capacity 27406K, committed 27904K, reserved 1073152K
  class space    used 3483K, capacity 3541K, committed 3584K, reserved 1048576K
Event: 36.153 GC heap after
Heap after GC invocations=10 (full 1):
 PSYoungGen      total 41472K, used 9969K [0x00000000d5580000, 0x00000000d8800000, 0x0000000100000000)
  eden space 31232K, 0% used [0x00000000d5580000,0x00000000d5580000,0x00000000d7400000)
  from space 10240K, 97% used [0x00000000d7400000,0x00000000d7dbc648,0x00000000d7e00000)
  to   space 9728K, 0% used [0x00000000d7e80000,0x00000000d7e80000,0x00000000d8800000)
 ParOldGen       total 61952K, used 22020K [0x0000000080000000, 0x0000000083c80000, 0x00000000d5580000)
  object space 61952K, 35% used [0x0000000080000000,0x0000000081581360,0x0000000083c80000)
 Metaspace       used 27164K, capacity 27406K, committed 27904K, reserved 1073152K
  class space    used 3483K, capacity 3541K, committed 3584K, reserved 1048576K
}

